This file contains any messages produced by compilers while
running configure, to aid debugging if configure makes a mistake.

It was created by HarfBuzz configure 2.8.2, which was
generated by GNU Autoconf 2.71.  Invocation command line was

  $ ./configure

## --------- ##
## Platform. ##
## --------- ##

hostname = Thibauts-MacBook-Pro.local
uname -m = x86_64
uname -r = 20.4.0
uname -s = Darwin
uname -v = Darwin Kernel Version 20.4.0: Fri Mar  5 01:14:14 PST 2021; root:xnu-7195.101.1~3/RELEASE_X86_64

/usr/bin/uname -p = i386
/bin/uname -X     = unknown

/bin/arch              = unknown
/usr/bin/arch -k       = unknown
/usr/convex/getsysinfo = unknown
/usr/bin/hostinfo      = Mach kernel version:
	 Darwin Kernel Version 20.4.0: Fri Mar  5 01:14:14 PST 2021; root:xnu-7195.101.1~3/RELEASE_X86_64
Kernel configured for up to 16 processors.
8 processors are physically available.
16 processors are logically available.
Processor type: x86_64h (Intel x86-64h Haswell)
Processors active: 0 1 2 3 4 5 6 7 8 9 10 11 12 13 14 15
Primary memory available: 16.00 gigabytes
Default processor set: 540 tasks, 2969 threads, 16 processors
Load average: 5.76, Mach factor: 10.42
/bin/machine           = unknown
/usr/bin/oslevel       = unknown
/bin/universe          = unknown

PATH: /Users/tmattio/.nvm/versions/node/v14.17.2/bin/
PATH: /Users/tmattio/.poetry/bin/
PATH: /Users/tmattio/.pyenv/shims/
PATH: /Users/tmattio/.pyenv/bin/
PATH: /Users/tmattio/google-cloud-sdk/bin/
PATH: /Users/tmattio/.opam/default/bin/
PATH: /usr/local/bin/
PATH: /usr/bin/
PATH: /bin/
PATH: /usr/sbin/
PATH: /sbin/
PATH: /usr/local/share/dotnet/
PATH: ~/.dotnet/tools/
PATH: /Users/tmattio/.nvm/versions/node/v14.17.2/bin/
PATH: /Users/tmattio/.poetry/bin/
PATH: /Users/tmattio/.pyenv/shims/
PATH: /Users/tmattio/.pyenv/bin/
PATH: /Users/tmattio/google-cloud-sdk/bin/
PATH: /Users/tmattio/.opam/default/bin/
PATH: /Users/tmattio/.cargo/bin/
PATH: /Users/tmattio/.dotnet/tools/
PATH: /Users/tmattio/.dotnet/tools/


## ----------- ##
## Core tests. ##
## ----------- ##

configure:3272: looking for aux files: config.guess config.sub ltmain.sh compile ar-lib missing install-sh
configure:3285:  trying ./
configure:3314:   ./config.guess found
configure:3314:   ./config.sub found
configure:3314:   ./ltmain.sh found
configure:3314:   ./compile found
configure:3314:   ./ar-lib found
configure:3314:   ./missing found
configure:3296:   ./install-sh found
configure:3449: checking for a BSD-compatible install
configure:3522: result: /usr/bin/install -c
configure:3533: checking whether build environment is sane
configure:3588: result: yes
configure:3747: checking for a race-free mkdir -p
configure:3791: result: ./install-sh -c -d
configure:3798: checking for gawk
configure:3833: result: no
configure:3798: checking for mawk
configure:3833: result: no
configure:3798: checking for nawk
configure:3833: result: no
configure:3798: checking for awk
configure:3819: found /usr/bin/awk
configure:3830: result: awk
configure:3841: checking whether make sets $(MAKE)
configure:3864: result: yes
configure:3894: checking whether make supports nested variables
configure:3912: result: yes
configure:3992: checking whether UID '501' is supported by ustar format
configure:3995: result: yes
configure:4002: checking whether GID '20' is supported by ustar format
configure:4005: result: yes
configure:4013: checking how to create a ustar tar archive
configure:4024: tar --version
bsdtar 3.3.2 - libarchive 3.3.2 zlib/1.2.11 liblzma/5.0.5 bz2lib/1.0.6
configure:4027: $? = 0
configure:4067: tardir=conftest.dir && eval tar --format=ustar -chf - "$tardir" >conftest.tar
configure:4070: $? = 0
configure:4074: tar -xf - <conftest.tar
configure:4077: $? = 0
configure:4079: cat conftest.dir/file
GrepMe
configure:4082: $? = 0
configure:4096: result: gnutar
configure:4172: checking whether make supports nested variables
configure:4190: result: yes
configure:4201: checking for a sed that does not truncate output
configure:4271: result: /usr/bin/sed
configure:4290: checking whether to build with code coverage support
configure:4311: result: no
configure:4688: checking whether make supports the include directive
configure:4703: make -f confmf.GNU && cat confinc.out
this is the am__doit target
configure:4706: $? = 0
configure:4725: result: yes (GNU style)
configure:4801: checking for gcc
configure:4822: found /usr/bin/gcc
configure:4833: result: gcc
configure:5186: checking for C compiler version
configure:5195: gcc --version >&5
Apple clang version 12.0.5 (clang-1205.0.22.9)
Target: x86_64-apple-darwin20.4.0
Thread model: posix
InstalledDir: /Library/Developer/CommandLineTools/usr/bin
Configured with: --prefix=/Library/Developer/CommandLineTools/usr --with-gxx-include-dir=/Library/Developer/CommandLineTools/SDKs/MacOSX.sdk/usr/include/c++/4.2.1
configure:5206: $? = 0
configure:5195: gcc -v >&5
Configured with: --prefix=/Library/Developer/CommandLineTools/usr --with-gxx-include-dir=/Library/Developer/CommandLineTools/SDKs/MacOSX.sdk/usr/include/c++/4.2.1
Apple clang version 12.0.5 (clang-1205.0.22.9)
Target: x86_64-apple-darwin20.4.0
Thread model: posix
InstalledDir: /Library/Developer/CommandLineTools/usr/bin
configure:5206: $? = 0
configure:5195: gcc -V >&5
clang: error: argument to '-V' is missing (expected 1 value)
clang: error: no input files
configure:5206: $? = 1
configure:5195: gcc -qversion >&5
clang: error: unknown argument '-qversion'; did you mean '--version'?
clang: error: no input files
configure:5206: $? = 1
configure:5195: gcc -version >&5
clang: error: unknown argument '-version'; did you mean '--version'?
clang: error: no input files
configure:5206: $? = 1
configure:5226: checking whether the C compiler works
configure:5248: gcc    conftest.c  >&5
configure:5252: $? = 0
configure:5302: result: yes
configure:5305: checking for C compiler default output file name
configure:5307: result: a.out
configure:5313: checking for suffix of executables
configure:5320: gcc -o conftest    conftest.c  >&5
configure:5324: $? = 0
configure:5347: result: 
configure:5369: checking whether we are cross compiling
configure:5377: gcc -o conftest    conftest.c  >&5
configure:5381: $? = 0
configure:5388: ./conftest
configure:5392: $? = 0
configure:5407: result: no
configure:5412: checking for suffix of object files
configure:5435: gcc -c   conftest.c >&5
configure:5439: $? = 0
configure:5461: result: o
configure:5465: checking whether the compiler supports GNU C
configure:5485: gcc -c   conftest.c >&5
configure:5485: $? = 0
configure:5495: result: yes
configure:5506: checking whether gcc accepts -g
configure:5527: gcc -c -g  conftest.c >&5
configure:5527: $? = 0
configure:5571: result: yes
configure:5591: checking for gcc option to enable C11 features
configure:5606: gcc  -c -g -O2  conftest.c >&5
configure:5606: $? = 0
configure:5624: result: none needed
configure:5740: checking whether gcc understands -c and -o together
configure:5763: gcc -c conftest.c -o conftest2.o
configure:5766: $? = 0
configure:5763: gcc -c conftest.c -o conftest2.o
configure:5766: $? = 0
configure:5778: result: yes
configure:5797: checking dependency style of gcc
configure:5909: result: gcc3
configure:5980: checking for ar
configure:6001: found /usr/bin/ar
configure:6012: result: ar
configure:6038: checking the archiver (ar) interface
configure:6055: gcc -c -g -O2  conftest.c >&5
configure:6055: $? = 0
configure:6058: ar cru libconftest.a conftest.o >&5
configure:6061: $? = 0
configure:6089: result: ar
configure:6142: checking build system type
configure:6157: result: x86_64-apple-darwin20.4.0
configure:6177: checking host system type
configure:6191: result: x86_64-apple-darwin20.4.0
configure:6232: checking how to print strings
configure:6259: result: printf
configure:6280: checking for a sed that does not truncate output
configure:6350: result: /usr/bin/sed
configure:6368: checking for grep that handles long lines and -e
configure:6432: result: /usr/bin/grep
configure:6437: checking for egrep
configure:6505: result: /usr/bin/grep -E
configure:6510: checking for fgrep
configure:6578: result: /usr/bin/grep -F
configure:6614: checking for ld used by gcc
configure:6682: result: /Library/Developer/CommandLineTools/usr/bin/ld
configure:6689: checking if the linker (/Library/Developer/CommandLineTools/usr/bin/ld) is GNU ld
configure:6705: result: no
configure:6717: checking for BSD- or MS-compatible name lister (nm)
configure:6772: result: /usr/bin/nm -B
configure:6912: checking the name lister (/usr/bin/nm -B) interface
configure:6920: gcc -c -g -O2  conftest.c >&5
configure:6923: /usr/bin/nm -B "conftest.o"
configure:6926: output
0000000000000240 S _some_variable
configure:6933: result: BSD nm
configure:6936: checking whether ln -s works
configure:6940: result: yes
configure:6948: checking the maximum length of command line arguments
configure:7080: result: 786432
configure:7128: checking how to convert x86_64-apple-darwin20.4.0 file names to x86_64-apple-darwin20.4.0 format
configure:7169: result: func_convert_file_noop
configure:7176: checking how to convert x86_64-apple-darwin20.4.0 file names to toolchain format
configure:7197: result: func_convert_file_noop
configure:7204: checking for /Library/Developer/CommandLineTools/usr/bin/ld option to reload object files
configure:7212: result: -r
configure:7291: checking for objdump
configure:7312: found /usr/bin/objdump
configure:7323: result: objdump
configure:7355: checking how to recognize dependent libraries
configure:7556: result: pass_all
configure:7646: checking for dlltool
configure:7681: result: no
configure:7711: checking how to associate runtime and link libraries
configure:7739: result: printf %s\n
configure:7873: checking for archiver @FILE support
configure:7891: gcc -c -g -O2  conftest.c >&5
configure:7891: $? = 0
configure:7895: ar cru libconftest.a @conftest.lst >&5
ar: @conftest.lst: No such file or directory
configure:7898: $? = 1
configure:7918: result: no
configure:7981: checking for strip
configure:8002: found /usr/bin/strip
configure:8013: result: strip
configure:8090: checking for ranlib
configure:8111: found /usr/bin/ranlib
configure:8122: result: ranlib
configure:8224: checking command to parse /usr/bin/nm -B output from gcc object
configure:8378: gcc -c -g -O2  conftest.c >&5
configure:8381: $? = 0
configure:8385: /usr/bin/nm -B conftest.o \| sed -n -e 's/^.*[ ]\([BCDEGRST][BCDEGRST]*\)[ ][ ]*\([_A-Za-z][_A-Za-z0-9]*\)$/\1 \2 \2/p' | sed '/ __gnu_lto/d' \> conftest.nm
configure:8388: $? = 0
cannot find nm_test_var in conftest.nm
configure:8378: gcc -c -g -O2  conftest.c >&5
configure:8381: $? = 0
configure:8385: /usr/bin/nm -B conftest.o \| sed -n -e 's/^.*[ ]\([BCDEGRST][BCDEGRST]*\)[ ][ ]*_\([_A-Za-z][_A-Za-z0-9]*\)$/\1 _\2 \2/p' | sed '/ __gnu_lto/d' \> conftest.nm
configure:8388: $? = 0
configure:8454: gcc -o conftest -g -O2   conftest.c conftstm.o >&5
warning: (x86_64)  could not find object file symbol for symbol _main
configure:8457: $? = 0
configure:8495: result: ok
configure:8542: checking for sysroot
configure:8573: result: no
configure:8580: checking for a working dd
configure:8624: result: /bin/dd
configure:8628: checking how to truncate binary pipes
configure:8644: result: /bin/dd bs=4096 count=1
configure:8981: checking for mt
configure:9016: result: no
configure:9036: checking if : is a manifest tool
configure:9043: : '-?'
configure:9051: result: no
configure:9112: checking for dsymutil
configure:9133: found /usr/bin/dsymutil
configure:9144: result: dsymutil
configure:9214: checking for nmedit
configure:9235: found /usr/bin/nmedit
configure:9246: result: nmedit
configure:9316: checking for lipo
configure:9337: found /usr/bin/lipo
configure:9348: result: lipo
configure:9418: checking for otool
configure:9439: found /usr/bin/otool
configure:9450: result: otool
configure:9520: checking for otool64
configure:9555: result: no
configure:9600: checking for -single_module linker flag
gcc -g -O2  -o libconftest.dylib -dynamiclib -Wl,-single_module conftest.c
configure:9634: result: yes
configure:9637: checking for -exported_symbols_list linker flag
configure:9658: gcc -o conftest -g -O2   -Wl,-exported_symbols_list,conftest.sym conftest.c  >&5
configure:9658: $? = 0
configure:9669: result: yes
configure:9672: checking for -force_load linker flag
gcc -g -O2 -c -o conftest.o conftest.c
ar cru libconftest.a conftest.o
ranlib libconftest.a
gcc -g -O2  -o conftest conftest.c -Wl,-force_load,./libconftest.a
configure:9705: result: yes
configure:9776: checking for stdio.h
configure:9776: gcc -c -g -O2  conftest.c >&5
configure:9776: $? = 0
configure:9776: result: yes
configure:9776: checking for stdlib.h
configure:9776: gcc -c -g -O2  conftest.c >&5
configure:9776: $? = 0
configure:9776: result: yes
configure:9776: checking for string.h
configure:9776: gcc -c -g -O2  conftest.c >&5
configure:9776: $? = 0
configure:9776: result: yes
configure:9776: checking for inttypes.h
configure:9776: gcc -c -g -O2  conftest.c >&5
configure:9776: $? = 0
configure:9776: result: yes
configure:9776: checking for stdint.h
configure:9776: gcc -c -g -O2  conftest.c >&5
configure:9776: $? = 0
configure:9776: result: yes
configure:9776: checking for strings.h
configure:9776: gcc -c -g -O2  conftest.c >&5
configure:9776: $? = 0
configure:9776: result: yes
configure:9776: checking for sys/stat.h
configure:9776: gcc -c -g -O2  conftest.c >&5
configure:9776: $? = 0
configure:9776: result: yes
configure:9776: checking for sys/types.h
configure:9776: gcc -c -g -O2  conftest.c >&5
configure:9776: $? = 0
configure:9776: result: yes
configure:9776: checking for unistd.h
configure:9776: gcc -c -g -O2  conftest.c >&5
configure:9776: $? = 0
configure:9776: result: yes
configure:9801: checking for dlfcn.h
configure:9801: gcc -c -g -O2  conftest.c >&5
configure:9801: $? = 0
configure:9801: result: yes
configure:10059: checking for objdir
configure:10075: result: .libs
configure:10339: checking if gcc supports -fno-rtti -fno-exceptions
configure:10358: gcc -c -g -O2  -fno-rtti -fno-exceptions conftest.c >&5
configure:10362: $? = 0
configure:10375: result: yes
configure:10733: checking for gcc option to produce PIC
configure:10741: result: -fno-common -DPIC
configure:10749: checking if gcc PIC flag -fno-common -DPIC works
configure:10768: gcc -c -g -O2  -fno-common -DPIC -DPIC conftest.c >&5
configure:10772: $? = 0
configure:10785: result: yes
configure:10814: checking if gcc static flag -static works
configure:10843: result: no
configure:10858: checking if gcc supports -c -o file.o
configure:10880: gcc -c -g -O2  -o out/conftest2.o conftest.c >&5
configure:10884: $? = 0
configure:10906: result: yes
configure:10914: checking if gcc supports -c -o file.o
configure:10962: result: yes
configure:10995: checking whether the gcc linker (/Library/Developer/CommandLineTools/usr/bin/ld) supports shared libraries
configure:12261: result: yes
configure:12502: checking dynamic linker characteristics
configure:13323: result: darwin20.4.0 dyld
configure:13445: checking how to hardcode library paths into programs
configure:13470: result: immediate
configure:14022: checking whether stripping libraries is possible
configure:14036: result: yes
configure:14062: checking if libtool supports shared libraries
configure:14064: result: yes
configure:14067: checking whether to build shared libraries
configure:14092: result: yes
configure:14095: checking whether to build static libraries
configure:14099: result: no
configure:14191: checking for gcc
configure:14223: result: gcc
configure:14576: checking for C compiler version
configure:14585: gcc --version >&5
Apple clang version 12.0.5 (clang-1205.0.22.9)
Target: x86_64-apple-darwin20.4.0
Thread model: posix
InstalledDir: /Library/Developer/CommandLineTools/usr/bin
Configured with: --prefix=/Library/Developer/CommandLineTools/usr --with-gxx-include-dir=/Library/Developer/CommandLineTools/SDKs/MacOSX.sdk/usr/include/c++/4.2.1
configure:14596: $? = 0
configure:14585: gcc -v >&5
Configured with: --prefix=/Library/Developer/CommandLineTools/usr --with-gxx-include-dir=/Library/Developer/CommandLineTools/SDKs/MacOSX.sdk/usr/include/c++/4.2.1
Apple clang version 12.0.5 (clang-1205.0.22.9)
Target: x86_64-apple-darwin20.4.0
Thread model: posix
InstalledDir: /Library/Developer/CommandLineTools/usr/bin
configure:14596: $? = 0
configure:14585: gcc -V >&5
clang: error: argument to '-V' is missing (expected 1 value)
clang: error: no input files
configure:14596: $? = 1
configure:14585: gcc -qversion >&5
clang: error: unknown argument '-qversion'; did you mean '--version'?
clang: error: no input files
configure:14596: $? = 1
configure:14585: gcc -version >&5
clang: error: unknown argument '-version'; did you mean '--version'?
clang: error: no input files
configure:14596: $? = 1
configure:14600: checking whether the compiler supports GNU C
configure:14630: result: yes
configure:14641: checking whether gcc accepts -g
configure:14706: result: yes
configure:14726: checking for gcc option to enable C11 features
configure:14759: result: none needed
configure:14875: checking whether gcc understands -c and -o together
configure:14913: result: yes
configure:14932: checking dependency style of gcc
configure:15044: result: gcc3
configure:15130: checking for g++
configure:15151: found /usr/bin/g++
configure:15162: result: g++
configure:15189: checking for C++ compiler version
configure:15198: g++ --version >&5
Apple clang version 12.0.5 (clang-1205.0.22.9)
Target: x86_64-apple-darwin20.4.0
Thread model: posix
InstalledDir: /Library/Developer/CommandLineTools/usr/bin
Configured with: --prefix=/Library/Developer/CommandLineTools/usr --with-gxx-include-dir=/Library/Developer/CommandLineTools/SDKs/MacOSX.sdk/usr/include/c++/4.2.1
configure:15209: $? = 0
configure:15198: g++ -v >&5
Configured with: --prefix=/Library/Developer/CommandLineTools/usr --with-gxx-include-dir=/Library/Developer/CommandLineTools/SDKs/MacOSX.sdk/usr/include/c++/4.2.1
Apple clang version 12.0.5 (clang-1205.0.22.9)
Target: x86_64-apple-darwin20.4.0
Thread model: posix
InstalledDir: /Library/Developer/CommandLineTools/usr/bin
configure:15209: $? = 0
configure:15198: g++ -V >&5
clang: error: argument to '-V' is missing (expected 1 value)
clang: error: no input files
configure:15209: $? = 1
configure:15198: g++ -qversion >&5
clang: error: unknown argument '-qversion'; did you mean '--version'?
clang: error: no input files
configure:15209: $? = 1
configure:15213: checking whether the compiler supports GNU C++
configure:15233: g++ -c   conftest.cpp >&5
configure:15233: $? = 0
configure:15243: result: yes
configure:15254: checking whether g++ accepts -g
configure:15275: g++ -c -g  conftest.cpp >&5
configure:15275: $? = 0
configure:15319: result: yes
configure:15339: checking for g++ option to enable C++11 features
configure:15354: g++  -c -g -O2  conftest.cpp >&5
conftest.cpp:67:3: error: "Compiler does not advertise C++11 conformance"
# error "Compiler does not advertise C++11 conformance"
  ^
conftest.cpp:72:3: error: unknown type name 'constexpr'
  constexpr int get_val() { return 20; }
  ^
conftest.cpp:84:17: error: delegating constructors are permitted only in C++11
    delegate(): delegate(2354) {}
                ^~~~~~~~
conftest.cpp:95:26: warning: 'override' keyword is a C++11 extension [-Wc++11-extensions]
    virtual int getval() override final { return this->n * 2; }
                         ^
conftest.cpp:95:35: warning: 'final' keyword is a C++11 extension [-Wc++11-extensions]
    virtual int getval() override final { return this->n * 2; }
                                  ^
conftest.cpp:102:16: warning: defaulted function definitions are a C++11 extension [-Wc++11-extensions]
    nocopy() = default;
               ^
conftest.cpp:103:29: warning: deleted function definitions are a C++11 extension [-Wc++11-extensions]
    nocopy(const nocopy&) = delete;
                            ^
conftest.cpp:104:41: warning: deleted function definitions are a C++11 extension [-Wc++11-extensions]
    nocopy & operator=(const nocopy&) = delete;
                                        ^
conftest.cpp:116:25: warning: 'auto' type specifier is a C++11 extension [-Wc++11-extensions]
  template <typename V> auto sum(V first) -> V
                        ^
conftest.cpp:116:25: error: 'auto' not allowed in function return type
  template <typename V> auto sum(V first) -> V
                        ^~~~
conftest.cpp:116:42: error: expected ';' at end of declaration
  template <typename V> auto sum(V first) -> V
                                         ^
                                         ;
conftest.cpp:116:43: error: cannot use arrow operator on a type
  template <typename V> auto sum(V first) -> V
                                          ^
conftest.cpp:120:33: warning: variadic templates are a C++11 extension [-Wc++11-extensions]
  template <typename V, typename... Args> auto sum(V first, Args... rest) -> V
                                ^
conftest.cpp:120:43: warning: 'auto' type specifier is a C++11 extension [-Wc++11-extensions]
  template <typename V, typename... Args> auto sum(V first, Args... rest) -> V
                                          ^
conftest.cpp:120:43: error: 'auto' not allowed in function return type
  template <typename V, typename... Args> auto sum(V first, Args... rest) -> V
                                          ^~~~
conftest.cpp:120:74: error: expected ';' at end of declaration
  template <typename V, typename... Args> auto sum(V first, Args... rest) -> V
                                                                         ^
                                                                         ;
conftest.cpp:120:75: error: cannot use arrow operator on a type
  template <typename V, typename... Args> auto sum(V first, Args... rest) -> V
                                                                          ^
conftest.cpp:144:3: warning: 'auto' type specifier is a C++11 extension [-Wc++11-extensions]
  auto a1 = 6538;
  ^
conftest.cpp:145:3: warning: 'auto' type specifier is a C++11 extension [-Wc++11-extensions]
  auto a2 = 48573953.4;
  ^
conftest.cpp:146:3: warning: 'auto' type specifier is a C++11 extension [-Wc++11-extensions]
  auto a3 = "String literal";
  ^
conftest.cpp:149:8: warning: 'auto' type specifier is a C++11 extension [-Wc++11-extensions]
  for (auto i = a3; *i; ++i) { total += *i; }
       ^
conftest.cpp:165:8: warning: 'auto' type specifier is a C++11 extension [-Wc++11-extensions]
  for (auto &x : array) { x += 23; }
       ^
conftest.cpp:165:16: warning: range-based for loop is a C++11 extension [-Wc++11-extensions]
  for (auto &x : array) { x += 23; }
               ^
conftest.cpp:170:17: error: expected expression
  assert (eval ([](int x) { return x*2; }, 21) == 42);
                ^
conftest.cpp:172:17: error: expected expression
  assert (eval ([&](double x) { return d += x; }, 3.0) == 5.0);
                ^
conftest.cpp:174:17: error: expected expression
  assert (eval ([=](double x) mutable { return d += x; }, 4.0) == 9.0);
                ^
conftest.cpp:180:3: warning: 'auto' type specifier is a C++11 extension [-Wc++11-extensions]
  auto a = sum(1);
  ^
conftest.cpp:180:12: error: no matching function for call to 'sum'
  auto a = sum(1);
           ^~~
conftest.cpp:181:3: warning: 'auto' type specifier is a C++11 extension [-Wc++11-extensions]
  auto b = sum(1, 2);
  ^
conftest.cpp:181:12: error: no matching function for call to 'sum'
  auto b = sum(1, 2);
           ^~~
conftest.cpp:182:3: warning: 'auto' type specifier is a C++11 extension [-Wc++11-extensions]
  auto c = sum(1.0, 2.0, 3.0);
  ^
conftest.cpp:182:12: error: no matching function for call to 'sum'
  auto c = sum(1.0, 2.0, 3.0);
           ^~~
conftest.cpp:187:25: warning: empty parentheses interpreted as a function declaration [-Wvexing-parse]
  cxx11test::delegate d2();
                        ^~
conftest.cpp:187:25: note: remove parentheses to declare a variable
  cxx11test::delegate d2();
                        ^~
conftest.cpp:200:16: error: found '<::' after a template name which forms the digraph '<:' (aka '[') and a ':', did you mean '< ::'?
  test_template<::test_template<int>> v(test_template<int>(12));
               ^~~
               < ::
conftest.cpp:200:36: error: a space is required between consecutive right angle brackets (use '> >')
  test_template<::test_template<int>> v(test_template<int>(12));
                                   ^~
                                   > >
conftest.cpp:204:22: error: use of undeclared identifier 'u8'
  char const *utf8 = u8"UTF-8 string \u2500";
                     ^
conftest.cpp:204:24: error: expected ';' at end of declaration
  char const *utf8 = u8"UTF-8 string \u2500";
                       ^
                       ;
fatal error: too many errors emitted, stopping now [-ferror-limit=]
18 warnings and 20 errors generated.
configure:15354: $? = 1
configure: failed program was:
| /* confdefs.h */
| #define PACKAGE_NAME "HarfBuzz"
| #define PACKAGE_TARNAME "harfbuzz"
| #define PACKAGE_VERSION "2.8.2"
| #define PACKAGE_STRING "HarfBuzz 2.8.2"
| #define PACKAGE_BUGREPORT "https://github.com/harfbuzz/harfbuzz/issues/new"
| #define PACKAGE_URL "http://harfbuzz.org/"
| #define HAVE_STDIO_H 1
| #define HAVE_STDLIB_H 1
| #define HAVE_STRING_H 1
| #define HAVE_INTTYPES_H 1
| #define HAVE_STDINT_H 1
| #define HAVE_STRINGS_H 1
| #define HAVE_SYS_STAT_H 1
| #define HAVE_SYS_TYPES_H 1
| #define HAVE_UNISTD_H 1
| #define STDC_HEADERS 1
| #define HAVE_DLFCN_H 1
| #define LT_OBJDIR ".libs/"
| /* end confdefs.h.  */
| 
| // Does the compiler advertise C++98 conformance?
| #if !defined __cplusplus || __cplusplus < 199711L
| # error "Compiler does not advertise C++98 conformance"
| #endif
| 
| // These inclusions are to reject old compilers that
| // lack the unsuffixed header files.
| #include <cstdlib>
| #include <exception>
| 
| // <cassert> and <cstring> are *not* freestanding headers in C++98.
| extern void assert (int);
| namespace std {
|   extern int strcmp (const char *, const char *);
| }
| 
| // Namespaces, exceptions, and templates were all added after "C++ 2.0".
| using std::exception;
| using std::strcmp;
| 
| namespace {
| 
| void test_exception_syntax()
| {
|   try {
|     throw "test";
|   } catch (const char *s) {
|     // Extra parentheses suppress a warning when building autoconf itself,
|     // due to lint rules shared with more typical C programs.
|     assert (!(strcmp) (s, "test"));
|   }
| }
| 
| template <typename T> struct test_template
| {
|   T const val;
|   explicit test_template(T t) : val(t) {}
|   template <typename U> T add(U u) { return static_cast<T>(u) + val; }
| };
| 
| } // anonymous namespace
| 
| 
| // Does the compiler advertise C++ 2011 conformance?
| #if !defined __cplusplus || __cplusplus < 201103L
| # error "Compiler does not advertise C++11 conformance"
| #endif
| 
| namespace cxx11test
| {
|   constexpr int get_val() { return 20; }
| 
|   struct testinit
|   {
|     int i;
|     double d;
|   };
| 
|   class delegate
|   {
|   public:
|     delegate(int n) : n(n) {}
|     delegate(): delegate(2354) {}
| 
|     virtual int getval() { return this->n; };
|   protected:
|     int n;
|   };
| 
|   class overridden : public delegate
|   {
|   public:
|     overridden(int n): delegate(n) {}
|     virtual int getval() override final { return this->n * 2; }
|   };
| 
|   class nocopy
|   {
|   public:
|     nocopy(int i): i(i) {}
|     nocopy() = default;
|     nocopy(const nocopy&) = delete;
|     nocopy & operator=(const nocopy&) = delete;
|   private:
|     int i;
|   };
| 
|   // for testing lambda expressions
|   template <typename Ret, typename Fn> Ret eval(Fn f, Ret v)
|   {
|     return f(v);
|   }
| 
|   // for testing variadic templates and trailing return types
|   template <typename V> auto sum(V first) -> V
|   {
|     return first;
|   }
|   template <typename V, typename... Args> auto sum(V first, Args... rest) -> V
|   {
|     return first + sum(rest...);
|   }
| }
| 
| 
| int
| main (int argc, char **argv)
| {
|   int ok = 0;
|   
|   assert (argc);
|   assert (! argv[0]);
| {
|   test_exception_syntax ();
|   test_template<double> tt (2.0);
|   assert (tt.add (4) == 6.0);
|   assert (true && !false);
| }
| 
|   
| {
|   // Test auto and decltype
|   auto a1 = 6538;
|   auto a2 = 48573953.4;
|   auto a3 = "String literal";
| 
|   int total = 0;
|   for (auto i = a3; *i; ++i) { total += *i; }
| 
|   decltype(a2) a4 = 34895.034;
| }
| {
|   // Test constexpr
|   short sa[cxx11test::get_val()] = { 0 };
| }
| {
|   // Test initializer lists
|   cxx11test::testinit il = { 4323, 435234.23544 };
| }
| {
|   // Test range-based for
|   int array[] = {9, 7, 13, 15, 4, 18, 12, 10, 5, 3,
|                  14, 19, 17, 8, 6, 20, 16, 2, 11, 1};
|   for (auto &x : array) { x += 23; }
| }
| {
|   // Test lambda expressions
|   using cxx11test::eval;
|   assert (eval ([](int x) { return x*2; }, 21) == 42);
|   double d = 2.0;
|   assert (eval ([&](double x) { return d += x; }, 3.0) == 5.0);
|   assert (d == 5.0);
|   assert (eval ([=](double x) mutable { return d += x; }, 4.0) == 9.0);
|   assert (d == 5.0);
| }
| {
|   // Test use of variadic templates
|   using cxx11test::sum;
|   auto a = sum(1);
|   auto b = sum(1, 2);
|   auto c = sum(1.0, 2.0, 3.0);
| }
| {
|   // Test constructor delegation
|   cxx11test::delegate d1;
|   cxx11test::delegate d2();
|   cxx11test::delegate d3(45);
| }
| {
|   // Test override and final
|   cxx11test::overridden o1(55464);
| }
| {
|   // Test nullptr
|   char *c = nullptr;
| }
| {
|   // Test template brackets
|   test_template<::test_template<int>> v(test_template<int>(12));
| }
| {
|   // Unicode literals
|   char const *utf8 = u8"UTF-8 string \u2500";
|   char16_t const *utf16 = u"UTF-8 string \u2500";
|   char32_t const *utf32 = U"UTF-32 string \u2500";
| }
| 
|   return ok;
| }
| 
configure:15372: result: none needed
configure:15438: checking dependency style of g++
configure:15550: result: gcc3
configure:15583: checking how to run the C++ preprocessor
configure:15605: g++ -E  conftest.cpp
configure:15605: $? = 0
configure:15620: g++ -E  conftest.cpp
conftest.cpp:21:10: fatal error: 'ac_nonexistent.h' file not found
#include <ac_nonexistent.h>
         ^~~~~~~~~~~~~~~~~~
1 error generated.
configure:15620: $? = 1
configure: failed program was:
| /* confdefs.h */
| #define PACKAGE_NAME "HarfBuzz"
| #define PACKAGE_TARNAME "harfbuzz"
| #define PACKAGE_VERSION "2.8.2"
| #define PACKAGE_STRING "HarfBuzz 2.8.2"
| #define PACKAGE_BUGREPORT "https://github.com/harfbuzz/harfbuzz/issues/new"
| #define PACKAGE_URL "http://harfbuzz.org/"
| #define HAVE_STDIO_H 1
| #define HAVE_STDLIB_H 1
| #define HAVE_STRING_H 1
| #define HAVE_INTTYPES_H 1
| #define HAVE_STDINT_H 1
| #define HAVE_STRINGS_H 1
| #define HAVE_SYS_STAT_H 1
| #define HAVE_SYS_TYPES_H 1
| #define HAVE_UNISTD_H 1
| #define STDC_HEADERS 1
| #define HAVE_DLFCN_H 1
| #define LT_OBJDIR ".libs/"
| /* end confdefs.h.  */
| #include <ac_nonexistent.h>
configure:15647: result: g++ -E
configure:15661: g++ -E  conftest.cpp
configure:15661: $? = 0
configure:15676: g++ -E  conftest.cpp
conftest.cpp:21:10: fatal error: 'ac_nonexistent.h' file not found
#include <ac_nonexistent.h>
         ^~~~~~~~~~~~~~~~~~
1 error generated.
configure:15676: $? = 1
configure: failed program was:
| /* confdefs.h */
| #define PACKAGE_NAME "HarfBuzz"
| #define PACKAGE_TARNAME "harfbuzz"
| #define PACKAGE_VERSION "2.8.2"
| #define PACKAGE_STRING "HarfBuzz 2.8.2"
| #define PACKAGE_BUGREPORT "https://github.com/harfbuzz/harfbuzz/issues/new"
| #define PACKAGE_URL "http://harfbuzz.org/"
| #define HAVE_STDIO_H 1
| #define HAVE_STDLIB_H 1
| #define HAVE_STRING_H 1
| #define HAVE_INTTYPES_H 1
| #define HAVE_STDINT_H 1
| #define HAVE_STRINGS_H 1
| #define HAVE_SYS_STAT_H 1
| #define HAVE_SYS_TYPES_H 1
| #define HAVE_UNISTD_H 1
| #define STDC_HEADERS 1
| #define HAVE_DLFCN_H 1
| #define LT_OBJDIR ".libs/"
| /* end confdefs.h.  */
| #include <ac_nonexistent.h>
configure:15841: checking for ld used by g++
configure:15909: result: /Library/Developer/CommandLineTools/usr/bin/ld
configure:15916: checking if the linker (/Library/Developer/CommandLineTools/usr/bin/ld) is GNU ld
configure:15932: result: no
configure:15987: checking whether the g++ linker (/Library/Developer/CommandLineTools/usr/bin/ld) supports shared libraries
configure:17064: result: yes
configure:17100: g++ -c -g -O2  conftest.cpp >&5
configure:17103: $? = 0
configure:17584: checking for g++ option to produce PIC
configure:17592: result: -fno-common -DPIC
configure:17600: checking if g++ PIC flag -fno-common -DPIC works
configure:17619: g++ -c -g -O2  -fno-common -DPIC -DPIC conftest.cpp >&5
configure:17623: $? = 0
configure:17636: result: yes
configure:17659: checking if g++ static flag -static works
configure:17688: result: no
configure:17700: checking if g++ supports -c -o file.o
configure:17722: g++ -c -g -O2  -o out/conftest2.o conftest.cpp >&5
configure:17726: $? = 0
configure:17748: result: yes
configure:17753: checking if g++ supports -c -o file.o
configure:17801: result: yes
configure:17831: checking whether the g++ linker (/Library/Developer/CommandLineTools/usr/bin/ld) supports shared libraries
configure:17871: result: yes
configure:18013: checking dynamic linker characteristics
configure:18761: result: darwin20.4.0 dyld
configure:18826: checking how to hardcode library paths into programs
configure:18851: result: immediate
configure:18898: checking whether g++ supports C++11 features by default
configure:19193: g++ -c -g -O2  conftest.cpp >&5
conftest.cpp:32:2: error: "This is not a C++11 compiler"
#error "This is not a C++11 compiler"
 ^
1 error generated.
configure:19193: $? = 1
configure: failed program was:
| /* confdefs.h */
| #define PACKAGE_NAME "HarfBuzz"
| #define PACKAGE_TARNAME "harfbuzz"
| #define PACKAGE_VERSION "2.8.2"
| #define PACKAGE_STRING "HarfBuzz 2.8.2"
| #define PACKAGE_BUGREPORT "https://github.com/harfbuzz/harfbuzz/issues/new"
| #define PACKAGE_URL "http://harfbuzz.org/"
| #define HAVE_STDIO_H 1
| #define HAVE_STDLIB_H 1
| #define HAVE_STRING_H 1
| #define HAVE_INTTYPES_H 1
| #define HAVE_STDINT_H 1
| #define HAVE_STRINGS_H 1
| #define HAVE_SYS_STAT_H 1
| #define HAVE_SYS_TYPES_H 1
| #define HAVE_UNISTD_H 1
| #define STDC_HEADERS 1
| #define HAVE_DLFCN_H 1
| #define LT_OBJDIR ".libs/"
| /* end confdefs.h.  */
| 
| 
| // If the compiler admits that it is not ready for C++11, why torture it?
| // Hopefully, this will speed up the test.
| 
| #ifndef __cplusplus
| 
| #error "This is not a C++ compiler"
| 
| #elif __cplusplus < 201103L
| 
| #error "This is not a C++11 compiler"
| 
| #else
| 
| namespace cxx11
| {
| 
|   namespace test_static_assert
|   {
| 
|     template <typename T>
|     struct check
|     {
|       static_assert(sizeof(int) <= sizeof(T), "not big enough");
|     };
| 
|   }
| 
|   namespace test_final_override
|   {
| 
|     struct Base
|     {
|       virtual void f() {}
|     };
| 
|     struct Derived : public Base
|     {
|       virtual void f() override {}
|     };
| 
|   }
| 
|   namespace test_double_right_angle_brackets
|   {
| 
|     template < typename T >
|     struct check {};
| 
|     typedef check<void> single_type;
|     typedef check<check<void>> double_type;
|     typedef check<check<check<void>>> triple_type;
|     typedef check<check<check<check<void>>>> quadruple_type;
| 
|   }
| 
|   namespace test_decltype
|   {
| 
|     int
|     f()
|     {
|       int a = 1;
|       decltype(a) b = 2;
|       return a + b;
|     }
| 
|   }
| 
|   namespace test_type_deduction
|   {
| 
|     template < typename T1, typename T2 >
|     struct is_same
|     {
|       static const bool value = false;
|     };
| 
|     template < typename T >
|     struct is_same<T, T>
|     {
|       static const bool value = true;
|     };
| 
|     template < typename T1, typename T2 >
|     auto
|     add(T1 a1, T2 a2) -> decltype(a1 + a2)
|     {
|       return a1 + a2;
|     }
| 
|     int
|     test(const int c, volatile int v)
|     {
|       static_assert(is_same<int, decltype(0)>::value == true, "");
|       static_assert(is_same<int, decltype(c)>::value == false, "");
|       static_assert(is_same<int, decltype(v)>::value == false, "");
|       auto ac = c;
|       auto av = v;
|       auto sumi = ac + av + 'x';
|       auto sumf = ac + av + 1.0;
|       static_assert(is_same<int, decltype(ac)>::value == true, "");
|       static_assert(is_same<int, decltype(av)>::value == true, "");
|       static_assert(is_same<int, decltype(sumi)>::value == true, "");
|       static_assert(is_same<int, decltype(sumf)>::value == false, "");
|       static_assert(is_same<int, decltype(add(c, v))>::value == true, "");
|       return (sumf > 0.0) ? sumi : add(c, v);
|     }
| 
|   }
| 
|   namespace test_noexcept
|   {
| 
|     int f() { return 0; }
|     int g() noexcept { return 0; }
| 
|     static_assert(noexcept(f()) == false, "");
|     static_assert(noexcept(g()) == true, "");
| 
|   }
| 
|   namespace test_constexpr
|   {
| 
|     template < typename CharT >
|     unsigned long constexpr
|     strlen_c_r(const CharT *const s, const unsigned long acc) noexcept
|     {
|       return *s ? strlen_c_r(s + 1, acc + 1) : acc;
|     }
| 
|     template < typename CharT >
|     unsigned long constexpr
|     strlen_c(const CharT *const s) noexcept
|     {
|       return strlen_c_r(s, 0UL);
|     }
| 
|     static_assert(strlen_c("") == 0UL, "");
|     static_assert(strlen_c("1") == 1UL, "");
|     static_assert(strlen_c("example") == 7UL, "");
|     static_assert(strlen_c("another\0example") == 7UL, "");
| 
|   }
| 
|   namespace test_rvalue_references
|   {
| 
|     template < int N >
|     struct answer
|     {
|       static constexpr int value = N;
|     };
| 
|     answer<1> f(int&)       { return answer<1>(); }
|     answer<2> f(const int&) { return answer<2>(); }
|     answer<3> f(int&&)      { return answer<3>(); }
| 
|     void
|     test()
|     {
|       int i = 0;
|       const int c = 0;
|       static_assert(decltype(f(i))::value == 1, "");
|       static_assert(decltype(f(c))::value == 2, "");
|       static_assert(decltype(f(0))::value == 3, "");
|     }
| 
|   }
| 
|   namespace test_uniform_initialization
|   {
| 
|     struct test
|     {
|       static const int zero {};
|       static const int one {1};
|     };
| 
|     static_assert(test::zero == 0, "");
|     static_assert(test::one == 1, "");
| 
|   }
| 
|   namespace test_lambdas
|   {
| 
|     void
|     test1()
|     {
|       auto lambda1 = [](){};
|       auto lambda2 = lambda1;
|       lambda1();
|       lambda2();
|     }
| 
|     int
|     test2()
|     {
|       auto a = [](int i, int j){ return i + j; }(1, 2);
|       auto b = []() -> int { return '0'; }();
|       auto c = [=](){ return a + b; }();
|       auto d = [&](){ return c; }();
|       auto e = [a, &b](int x) mutable {
|         const auto identity = [](int y){ return y; };
|         for (auto i = 0; i < a; ++i)
|           a += b--;
|         return x + identity(a + b);
|       }(0);
|       return a + b + c + d + e;
|     }
| 
|     int
|     test3()
|     {
|       const auto nullary = [](){ return 0; };
|       const auto unary = [](int x){ return x; };
|       using nullary_t = decltype(nullary);
|       using unary_t = decltype(unary);
|       const auto higher1st = [](nullary_t f){ return f(); };
|       const auto higher2nd = [unary](nullary_t f1){
|         return [unary, f1](unary_t f2){ return f2(unary(f1())); };
|       };
|       return higher1st(nullary) + higher2nd(nullary)(unary);
|     }
| 
|   }
| 
|   namespace test_variadic_templates
|   {
| 
|     template <int...>
|     struct sum;
| 
|     template <int N0, int... N1toN>
|     struct sum<N0, N1toN...>
|     {
|       static constexpr auto value = N0 + sum<N1toN...>::value;
|     };
| 
|     template <>
|     struct sum<>
|     {
|       static constexpr auto value = 0;
|     };
| 
|     static_assert(sum<>::value == 0, "");
|     static_assert(sum<1>::value == 1, "");
|     static_assert(sum<23>::value == 23, "");
|     static_assert(sum<1, 2>::value == 3, "");
|     static_assert(sum<5, 5, 11>::value == 21, "");
|     static_assert(sum<2, 3, 5, 7, 11, 13>::value == 41, "");
| 
|   }
| 
|   // https://stackoverflow.com/questions/13728184/template-aliases-and-sfinae
|   // Clang 3.1 fails with headers of libstd++ 4.8.3 when using std::function
|   // because of this.
|   namespace test_template_alias_sfinae
|   {
| 
|     struct foo {};
| 
|     template<typename T>
|     using member = typename T::member_type;
| 
|     template<typename T>
|     void func(...) {}
| 
|     template<typename T>
|     void func(member<T>*) {}
| 
|     void test();
| 
|     void test() { func<foo>(0); }
| 
|   }
| 
| }  // namespace cxx11
| 
| #endif  // __cplusplus >= 201103L
| 
| 
| 
configure:19201: result: no
configure:19211: checking whether g++ supports C++11 features with -std=gnu++11
configure:19508: g++ -std=gnu++11 -c -g -O2  conftest.cpp >&5
configure:19508: $? = 0
configure:19518: result: yes
configure:19890: checking for special C compiler options needed for large files
configure:19938: result: no
configure:19944: checking for _FILE_OFFSET_BITS value needed for large files
configure:19970: gcc -c -g -O2  conftest.c >&5
configure:19970: $? = 0
configure:20004: result: no
configure:20145: checking for pkg-config
configure:20168: found /usr/local/bin/pkg-config
configure:20180: result: /usr/local/bin/pkg-config
configure:20205: checking pkg-config is at least version 0.28
configure:20208: result: yes
configure:20274: checking for atexit
configure:20274: gcc -o conftest -g -O2   conftest.c  >&5
configure:20274: $? = 0
configure:20274: result: yes
configure:20280: checking for mprotect
configure:20280: gcc -o conftest -g -O2   conftest.c  >&5
configure:20280: $? = 0
configure:20280: result: yes
configure:20286: checking for sysconf
configure:20286: gcc -o conftest -g -O2   conftest.c  >&5
configure:20286: $? = 0
configure:20286: result: yes
configure:20292: checking for getpagesize
configure:20292: gcc -o conftest -g -O2   conftest.c  >&5
configure:20292: $? = 0
configure:20292: result: yes
configure:20298: checking for mmap
configure:20298: gcc -o conftest -g -O2   conftest.c  >&5
configure:20298: $? = 0
configure:20298: result: yes
configure:20304: checking for isatty
configure:20304: gcc -o conftest -g -O2   conftest.c  >&5
configure:20304: $? = 0
configure:20304: result: yes
configure:20311: checking for unistd.h
configure:20311: result: yes
configure:20317: checking for sys/mman.h
configure:20317: gcc -c -g -O2  conftest.c >&5
configure:20317: $? = 0
configure:20317: result: yes
configure:20323: checking for stdbool.h
configure:20323: gcc -c -g -O2  conftest.c >&5
configure:20323: $? = 0
configure:20323: result: yes
configure:20335: checking alignment of struct{char;}
configure:20341: gcc -o conftest -g -O2   conftest.c  >&5
conftest.c:59:33: warning: declaration does not declare anything [-Wmissing-declarations]
typedef struct { char x; struct{char;} y; } ac__type_alignof_;
                                ^~~~
1 warning generated.
configure:20341: $? = 0
configure:20341: ./conftest
configure:20341: $? = 0
configure:20357: result: 1
configure:20368: checking whether the linker accepts -Bsymbolic-functions
configure:20388: gcc -o conftest -g -O2    -Bsymbolic-functions conftest.c  >&5
configure:20388: $? = 0
configure:20398: result: yes
configure:20445: checking for native Win32
configure:20452: result: no
configure:20469: checking how to run the C preprocessor
configure:20495: gcc -E  conftest.c
configure:20495: $? = 0
configure:20510: gcc -E  conftest.c
conftest.c:32:10: fatal error: 'ac_nonexistent.h' file not found
#include <ac_nonexistent.h>
         ^~~~~~~~~~~~~~~~~~
1 error generated.
configure:20510: $? = 1
configure: failed program was:
| /* confdefs.h */
| #define PACKAGE_NAME "HarfBuzz"
| #define PACKAGE_TARNAME "harfbuzz"
| #define PACKAGE_VERSION "2.8.2"
| #define PACKAGE_STRING "HarfBuzz 2.8.2"
| #define PACKAGE_BUGREPORT "https://github.com/harfbuzz/harfbuzz/issues/new"
| #define PACKAGE_URL "http://harfbuzz.org/"
| #define HAVE_STDIO_H 1
| #define HAVE_STDLIB_H 1
| #define HAVE_STRING_H 1
| #define HAVE_INTTYPES_H 1
| #define HAVE_STDINT_H 1
| #define HAVE_STRINGS_H 1
| #define HAVE_SYS_STAT_H 1
| #define HAVE_SYS_TYPES_H 1
| #define HAVE_UNISTD_H 1
| #define STDC_HEADERS 1
| #define HAVE_DLFCN_H 1
| #define LT_OBJDIR ".libs/"
| #define HAVE_CXX11 1
| #define HAVE_ATEXIT 1
| #define HAVE_MPROTECT 1
| #define HAVE_SYSCONF 1
| #define HAVE_GETPAGESIZE 1
| #define HAVE_MMAP 1
| #define HAVE_ISATTY 1
| #define HAVE_UNISTD_H 1
| #define HAVE_SYS_MMAN_H 1
| #define HAVE_STDBOOL_H 1
| #define ALIGNOF_STRUCT_CHAR__ 1
| /* end confdefs.h.  */
| #include <ac_nonexistent.h>
configure:20537: result: gcc -E
configure:20551: gcc -E  conftest.c
configure:20551: $? = 0
configure:20566: gcc -E  conftest.c
conftest.c:32:10: fatal error: 'ac_nonexistent.h' file not found
#include <ac_nonexistent.h>
         ^~~~~~~~~~~~~~~~~~
1 error generated.
configure:20566: $? = 1
configure: failed program was:
| /* confdefs.h */
| #define PACKAGE_NAME "HarfBuzz"
| #define PACKAGE_TARNAME "harfbuzz"
| #define PACKAGE_VERSION "2.8.2"
| #define PACKAGE_STRING "HarfBuzz 2.8.2"
| #define PACKAGE_BUGREPORT "https://github.com/harfbuzz/harfbuzz/issues/new"
| #define PACKAGE_URL "http://harfbuzz.org/"
| #define HAVE_STDIO_H 1
| #define HAVE_STDLIB_H 1
| #define HAVE_STRING_H 1
| #define HAVE_INTTYPES_H 1
| #define HAVE_STDINT_H 1
| #define HAVE_STRINGS_H 1
| #define HAVE_SYS_STAT_H 1
| #define HAVE_SYS_TYPES_H 1
| #define HAVE_UNISTD_H 1
| #define STDC_HEADERS 1
| #define HAVE_DLFCN_H 1
| #define LT_OBJDIR ".libs/"
| #define HAVE_CXX11 1
| #define HAVE_ATEXIT 1
| #define HAVE_MPROTECT 1
| #define HAVE_SYSCONF 1
| #define HAVE_GETPAGESIZE 1
| #define HAVE_MMAP 1
| #define HAVE_ISATTY 1
| #define HAVE_UNISTD_H 1
| #define HAVE_SYS_MMAN_H 1
| #define HAVE_STDBOOL_H 1
| #define ALIGNOF_STRUCT_CHAR__ 1
| /* end confdefs.h.  */
| #include <ac_nonexistent.h>
configure:20782: checking whether gcc is Clang
configure:20809: result: yes
configure:20856: checking whether Clang needs flag to prevent "argument unused" warning when linking with -pthread
configure:20883: gcc -o conftest -Werror -Wunknown-warning-option  -pthread -g -O2   -Bsymbolic-functions conftest.c  >&5
configure:20883: $? = 0
configure:20890: (gcc -c -Werror -Wunknown-warning-option  -pthread -g -O2  conftest.c >&5) && (echo ==== >&5) && (gcc -o conftest -Werror -Wunknown-warning-option  -pthread -g -O2   -Bsymbolic-functions conftest.o  >&5)
====
configure:20890: $? = 0
configure:20910: result: no
configure:21067: checking for joinable pthread attribute
configure:21086: gcc -o conftest -g -O2 -pthread   -Bsymbolic-functions conftest.c   >&5
configure:21086: $? = 0
configure:21095: result: PTHREAD_CREATE_JOINABLE
configure:21108: checking whether more special flags are required for pthreads
configure:21122: result: no
configure:21131: checking for PTHREAD_PRIO_INHERIT
configure:21148: gcc -o conftest -g -O2 -pthread   -Bsymbolic-functions conftest.c   >&5
configure:21148: $? = 0
configure:21158: result: yes
configure:21295: checking for glib-2.0 >= 2.19.1
configure:21302: $PKG_CONFIG --exists --print-errors "$GLIB_DEPS"
configure:21305: $? = 0
configure:21319: $PKG_CONFIG --exists --print-errors "$GLIB_DEPS"
configure:21322: $? = 0
configure:21360: result: yes
configure:21673: checking for cairo >= 1.8.0
configure:21680: $PKG_CONFIG --exists --print-errors "cairo >= 1.8.0"
configure:21683: $? = 0
configure:21697: $PKG_CONFIG --exists --print-errors "cairo >= 1.8.0"
configure:21700: $? = 0
configure:21738: result: yes
configure:21764: checking for cairo-ft
configure:21771: $PKG_CONFIG --exists --print-errors "cairo-ft"
configure:21774: $? = 0
configure:21788: $PKG_CONFIG --exists --print-errors "cairo-ft"
configure:21791: $? = 0
configure:21829: result: yes
configure:21862: checking for chafa >= 1.6.0
configure:21869: $PKG_CONFIG --exists --print-errors "chafa >= 1.6.0"
Package chafa was not found in the pkg-config search path.
Perhaps you should add the directory containing `chafa.pc'
to the PKG_CONFIG_PATH environment variable
No package 'chafa' found
configure:21872: $? = 1
configure:21886: $PKG_CONFIG --exists --print-errors "chafa >= 1.6.0"
Package chafa was not found in the pkg-config search path.
Perhaps you should add the directory containing `chafa.pc'
to the PKG_CONFIG_PATH environment variable
No package 'chafa' found
configure:21889: $? = 1
configure:21903: result: no
No package 'chafa' found
configure:21963: checking for icu-uc
configure:21970: $PKG_CONFIG --exists --print-errors "icu-uc"
Package icu-uc was not found in the pkg-config search path.
Perhaps you should add the directory containing `icu-uc.pc'
to the PKG_CONFIG_PATH environment variable
No package 'icu-uc' found
configure:21973: $? = 1
configure:21987: $PKG_CONFIG --exists --print-errors "icu-uc"
Package icu-uc was not found in the pkg-config search path.
Perhaps you should add the directory containing `icu-uc.pc'
to the PKG_CONFIG_PATH environment variable
No package 'icu-uc' found
configure:21990: $? = 1
configure:22004: result: no
No package 'icu-uc' found
configure:22202: checking for freetype2 >= 12.0.6
configure:22209: $PKG_CONFIG --exists --print-errors "$FREETYPE_DEPS"
configure:22212: $? = 0
configure:22226: $PKG_CONFIG --exists --print-errors "$FREETYPE_DEPS"
configure:22229: $? = 0
configure:22267: result: yes
configure:22281: checking for FT_Get_Var_Blend_Coordinates
configure:22281: gcc -o conftest -g -O2   -Bsymbolic-functions conftest.c  -L/usr/local/opt/freetype/lib -lfreetype >&5
configure:22281: $? = 0
configure:22281: result: yes
configure:22287: checking for FT_Set_Var_Blend_Coordinates
configure:22287: gcc -o conftest -g -O2   -Bsymbolic-functions conftest.c  -L/usr/local/opt/freetype/lib -lfreetype >&5
configure:22287: $? = 0
configure:22287: result: yes
configure:22293: checking for FT_Done_MM_Var
configure:22293: gcc -o conftest -g -O2   -Bsymbolic-functions conftest.c  -L/usr/local/opt/freetype/lib -lfreetype >&5
configure:22293: $? = 0
configure:22293: result: yes
configure:22634: checking that generated files are newer than configure
configure:22640: result: done
configure:22755: creating ./config.status

## ---------------------- ##
## Running config.status. ##
## ---------------------- ##

This file was extended by HarfBuzz config.status 2.8.2, which was
generated by GNU Autoconf 2.71.  Invocation command line was

  CONFIG_FILES    = 
  CONFIG_HEADERS  = 
  CONFIG_LINKS    = 
  CONFIG_COMMANDS = 
  $ ./config.status 

on Thibauts-MacBook-Pro.local

config.status:1388: creating Makefile
config.status:1388: creating src/Makefile
config.status:1388: creating src/harfbuzz-config.cmake
config.status:1388: creating util/Makefile
config.status:1388: creating test/Makefile
config.status:1388: creating test/api/Makefile
config.status:1388: creating test/fuzzing/Makefile
config.status:1388: creating test/shaping/Makefile
config.status:1388: creating test/shaping/data/Makefile
config.status:1388: creating test/shaping/data/aots/Makefile
config.status:1388: creating test/shaping/data/in-house/Makefile
config.status:1388: creating test/shaping/data/text-rendering-tests/Makefile
config.status:1388: creating test/subset/Makefile
config.status:1388: creating test/subset/data/Makefile
config.status:1388: creating test/subset/data/repack_tests/Makefile
config.status:1388: creating docs/Makefile
config.status:1388: creating docs/version.xml
config.status:1388: creating config.h
config.status:1617: executing depfiles commands
config.status:1694: cd src       && sed -e '/# am--include-marker/d' Makefile         | make -f - am--depfiles
config.status:1699: $? = 0
config.status:1694: cd util       && sed -e '/# am--include-marker/d' Makefile         | make -f - am--depfiles
config.status:1699: $? = 0
config.status:1694: cd test/api       && sed -e '/# am--include-marker/d' Makefile         | make -f - am--depfiles
config.status:1699: $? = 0
config.status:1694: cd test/fuzzing       && sed -e '/# am--include-marker/d' Makefile         | make -f - am--depfiles
config.status:1699: $? = 0
config.status:1617: executing libtool commands
configure:25185:

Autotools is no longer our supported build system for building the library
for *nix distributions, please migrate to meson.


configure:25199:

Build configuration:

Unicode callbacks (you want at least one):
	Builtin			true
	Glib:			true
	ICU:			false

Font callbacks (the more the merrier):
	FreeType:		true

Tools used for command-line utilities:
	Cairo:			true
	Chafa:			false

Additional shapers:
	Graphite2:		false

Platform shapers (not normally needed):
	CoreText:		false
	DirectWrite:		false
	GDI:			false
	Uniscribe:		false

Other features:
	Documentation:		
	GObject bindings:	false
	Introspection:		false


## ---------------- ##
## Cache variables. ##
## ---------------- ##

ac_cv_alignof_struct_char__=1
ac_cv_build=x86_64-apple-darwin20.4.0
ac_cv_c_compiler_gnu=yes
ac_cv_cxx_compiler_gnu=yes
ac_cv_env_CAIRO_CFLAGS_set=
ac_cv_env_CAIRO_CFLAGS_value=
ac_cv_env_CAIRO_FT_CFLAGS_set=
ac_cv_env_CAIRO_FT_CFLAGS_value=
ac_cv_env_CAIRO_FT_LIBS_set=
ac_cv_env_CAIRO_FT_LIBS_value=
ac_cv_env_CAIRO_LIBS_set=
ac_cv_env_CAIRO_LIBS_value=
ac_cv_env_CCC_set=
ac_cv_env_CCC_value=
ac_cv_env_CC_set=
ac_cv_env_CC_value=
ac_cv_env_CFLAGS_set=
ac_cv_env_CFLAGS_value=
ac_cv_env_CHAFA_CFLAGS_set=
ac_cv_env_CHAFA_CFLAGS_value=
ac_cv_env_CHAFA_LIBS_set=
ac_cv_env_CHAFA_LIBS_value=
ac_cv_env_CPPFLAGS_set=
ac_cv_env_CPPFLAGS_value=
ac_cv_env_CPP_set=
ac_cv_env_CPP_value=
ac_cv_env_CXXCPP_set=
ac_cv_env_CXXCPP_value=
ac_cv_env_CXXFLAGS_set=
ac_cv_env_CXXFLAGS_value=
ac_cv_env_CXX_set=
ac_cv_env_CXX_value=
ac_cv_env_FREETYPE_CFLAGS_set=
ac_cv_env_FREETYPE_CFLAGS_value=
ac_cv_env_FREETYPE_LIBS_set=
ac_cv_env_FREETYPE_LIBS_value=
ac_cv_env_GLIB_CFLAGS_set=
ac_cv_env_GLIB_CFLAGS_value=
ac_cv_env_GLIB_LIBS_set=
ac_cv_env_GLIB_LIBS_value=
ac_cv_env_GOBJECT_CFLAGS_set=
ac_cv_env_GOBJECT_CFLAGS_value=
ac_cv_env_GOBJECT_LIBS_set=
ac_cv_env_GOBJECT_LIBS_value=
ac_cv_env_GRAPHITE2_CFLAGS_set=
ac_cv_env_GRAPHITE2_CFLAGS_value=
ac_cv_env_GRAPHITE2_LIBS_set=
ac_cv_env_GRAPHITE2_LIBS_value=
ac_cv_env_ICU_CFLAGS_set=
ac_cv_env_ICU_CFLAGS_value=
ac_cv_env_ICU_LIBS_set=
ac_cv_env_ICU_LIBS_value=
ac_cv_env_LDFLAGS_set=
ac_cv_env_LDFLAGS_value=
ac_cv_env_LIBS_set=
ac_cv_env_LIBS_value=
ac_cv_env_LT_SYS_LIBRARY_PATH_set=
ac_cv_env_LT_SYS_LIBRARY_PATH_value=
ac_cv_env_PKG_CONFIG_LIBDIR_set=
ac_cv_env_PKG_CONFIG_LIBDIR_value=
ac_cv_env_PKG_CONFIG_PATH_set=set
ac_cv_env_PKG_CONFIG_PATH_value=/Users/tmattio/.opam/default/lib/pkgconfig:/Users/tmattio/.opam/default/lib/pkgconfig:
ac_cv_env_PKG_CONFIG_set=
ac_cv_env_PKG_CONFIG_value=
ac_cv_env_build_alias_set=
ac_cv_env_build_alias_value=
ac_cv_env_host_alias_set=
ac_cv_env_host_alias_value=
ac_cv_env_target_alias_set=
ac_cv_env_target_alias_value=
ac_cv_func_FT_Done_MM_Var=yes
ac_cv_func_FT_Get_Var_Blend_Coordinates=yes
ac_cv_func_FT_Set_Var_Blend_Coordinates=yes
ac_cv_func_atexit=yes
ac_cv_func_getpagesize=yes
ac_cv_func_isatty=yes
ac_cv_func_mmap=yes
ac_cv_func_mprotect=yes
ac_cv_func_sysconf=yes
ac_cv_header_dlfcn_h=yes
ac_cv_header_inttypes_h=yes
ac_cv_header_stdbool_h=yes
ac_cv_header_stdint_h=yes
ac_cv_header_stdio_h=yes
ac_cv_header_stdlib_h=yes
ac_cv_header_string_h=yes
ac_cv_header_strings_h=yes
ac_cv_header_sys_mman_h=yes
ac_cv_header_sys_stat_h=yes
ac_cv_header_sys_types_h=yes
ac_cv_header_unistd_h=yes
ac_cv_host=x86_64-apple-darwin20.4.0
ac_cv_objext=o
ac_cv_path_EGREP='/usr/bin/grep -E'
ac_cv_path_FGREP='/usr/bin/grep -F'
ac_cv_path_GREP=/usr/bin/grep
ac_cv_path_SED=/usr/bin/sed
ac_cv_path_ac_pt_PKG_CONFIG=/usr/local/bin/pkg-config
ac_cv_path_install='/usr/bin/install -c'
ac_cv_path_lt_DD=/bin/dd
ac_cv_prog_AWK=awk
ac_cv_prog_CPP='gcc -E'
ac_cv_prog_CXXCPP='g++ -E'
ac_cv_prog_ac_ct_AR=ar
ac_cv_prog_ac_ct_CC=gcc
ac_cv_prog_ac_ct_CXX=g++
ac_cv_prog_ac_ct_DSYMUTIL=dsymutil
ac_cv_prog_ac_ct_LIPO=lipo
ac_cv_prog_ac_ct_NMEDIT=nmedit
ac_cv_prog_ac_ct_OBJDUMP=objdump
ac_cv_prog_ac_ct_OTOOL=otool
ac_cv_prog_ac_ct_RANLIB=ranlib
ac_cv_prog_ac_ct_STRIP=strip
ac_cv_prog_cc_c11=
ac_cv_prog_cc_g=yes
ac_cv_prog_cc_stdc=
ac_cv_prog_cxx_11=no
ac_cv_prog_cxx_g=yes
ac_cv_prog_cxx_stdcxx=
ac_cv_prog_make_make_set=yes
ac_cv_sys_file_offset_bits=no
ac_cv_sys_largefile_CC=no
am_cv_CC_dependencies_compiler_type=gcc3
am_cv_CXX_dependencies_compiler_type=gcc3
am_cv_ar_interface=ar
am_cv_make_support_nested_variables=yes
am_cv_prog_cc_c_o=yes
am_cv_prog_tar_ustar=gnutar
ax_cv_PTHREAD_CLANG=yes
ax_cv_PTHREAD_CLANG_NO_WARN_FLAG=no
ax_cv_PTHREAD_JOINABLE_ATTR=PTHREAD_CREATE_JOINABLE
ax_cv_PTHREAD_PRIO_INHERIT=yes
ax_cv_PTHREAD_SPECIAL_FLAGS=no
ax_cv_check_ldflags___Bsymbolic_functions=yes
ax_cv_cxx_compile_cxx11=no
ax_cv_cxx_compile_cxx11__std_gnupp11=yes
lt_cv_apple_cc_single_mod=yes
lt_cv_ar_at_file=no
lt_cv_deplibs_check_method=pass_all
lt_cv_file_magic_cmd='$MAGIC_CMD'
lt_cv_file_magic_test_file=
lt_cv_ld_exported_symbols_list=yes
lt_cv_ld_force_load=yes
lt_cv_ld_reload_flag=-r
lt_cv_nm_interface='BSD nm'
lt_cv_objdir=.libs
lt_cv_path_LD=/Library/Developer/CommandLineTools/usr/bin/ld
lt_cv_path_LDCXX=/Library/Developer/CommandLineTools/usr/bin/ld
lt_cv_path_NM='/usr/bin/nm -B'
lt_cv_path_mainfest_tool=no
lt_cv_prog_compiler_c_o=yes
lt_cv_prog_compiler_c_o_CXX=yes
lt_cv_prog_compiler_pic='-fno-common -DPIC'
lt_cv_prog_compiler_pic_CXX='-fno-common -DPIC'
lt_cv_prog_compiler_pic_works=yes
lt_cv_prog_compiler_pic_works_CXX=yes
lt_cv_prog_compiler_rtti_exceptions=yes
lt_cv_prog_compiler_static_works=no
lt_cv_prog_compiler_static_works_CXX=no
lt_cv_prog_gnu_ld=no
lt_cv_prog_gnu_ldcxx=no
lt_cv_sharedlib_from_linklib_cmd='printf %s\n'
lt_cv_sys_global_symbol_pipe='sed -n -e '\''s/^.*[	 ]\([BCDEGRST][BCDEGRST]*\)[	 ][	 ]*_\([_A-Za-z][_A-Za-z0-9]*\)$/\1 _\2 \2/p'\'' | sed '\''/ __gnu_lto/d'\'''
lt_cv_sys_global_symbol_to_c_name_address='sed -n -e '\''s/^: \(.*\) .*$/  {"\1", (void *) 0},/p'\'' -e '\''s/^[BCDEGRST][BCDEGRST]* .* \(.*\)$/  {"\1", (void *) \&\1},/p'\'''
lt_cv_sys_global_symbol_to_c_name_address_lib_prefix='sed -n -e '\''s/^: \(.*\) .*$/  {"\1", (void *) 0},/p'\'' -e '\''s/^[BCDEGRST][BCDEGRST]* .* \(lib.*\)$/  {"\1", (void *) \&\1},/p'\'' -e '\''s/^[BCDEGRST][BCDEGRST]* .* \(.*\)$/  {"lib\1", (void *) \&\1},/p'\'''
lt_cv_sys_global_symbol_to_cdecl='sed -n -e '\''s/^T .* \(.*\)$/extern int \1();/p'\'' -e '\''s/^[BCDEGRST][BCDEGRST]* .* \(.*\)$/extern char \1;/p'\'''
lt_cv_sys_global_symbol_to_import=
lt_cv_sys_max_cmd_len=786432
lt_cv_to_host_file_cmd=func_convert_file_noop
lt_cv_to_tool_file_cmd=func_convert_file_noop
lt_cv_truncate_bin='/bin/dd bs=4096 count=1'
pkg_cv_CAIRO_CFLAGS='-I/usr/local/Cellar/libffi/3.3_3/include -I/usr/local/Cellar/cairo/1.16.0_5/include/cairo -I/usr/local/Cellar/glib/2.68.3/include -I/usr/local/Cellar/glib/2.68.3/include/glib-2.0 -I/usr/local/Cellar/glib/2.68.3/lib/glib-2.0/include -I/usr/local/opt/gettext/include -I/usr/local/Cellar/pcre/8.45/include -I/usr/local/Cellar/pixman/0.40.0/include/pixman-1 -I/usr/local/Cellar/fontconfig/2.13.1/include -I/usr/local/opt/freetype/include/freetype2 -I/usr/local/Cellar/libpng/1.6.37/include/libpng16 -I/usr/local/Cellar/libxcb/1.14_1/include -I/usr/local/Cellar/libxrender/0.9.10/include -I/usr/local/Cellar/libxext/1.3.4/include -I/usr/local/Cellar/libx11/1.7.2/include -I/usr/local/Cellar/libxcb/1.14_1/include -I/usr/local/Cellar/libxau/1.0.9/include -I/usr/local/Cellar/libxdmcp/1.1.3/include -I/usr/local/Cellar/xorgproto/2021.4/include'
pkg_cv_CAIRO_FT_CFLAGS='-I/usr/local/Cellar/libffi/3.3_3/include -I/usr/local/Cellar/cairo/1.16.0_5/include/cairo -I/usr/local/Cellar/glib/2.68.3/include -I/usr/local/Cellar/glib/2.68.3/include/glib-2.0 -I/usr/local/Cellar/glib/2.68.3/lib/glib-2.0/include -I/usr/local/opt/gettext/include -I/usr/local/Cellar/pcre/8.45/include -I/usr/local/Cellar/pixman/0.40.0/include/pixman-1 -I/usr/local/Cellar/fontconfig/2.13.1/include -I/usr/local/Cellar/libpng/1.6.37/include/libpng16 -I/usr/local/Cellar/libxcb/1.14_1/include -I/usr/local/Cellar/libxrender/0.9.10/include -I/usr/local/Cellar/libxext/1.3.4/include -I/usr/local/Cellar/libx11/1.7.2/include -I/usr/local/Cellar/libxcb/1.14_1/include -I/usr/local/Cellar/libxau/1.0.9/include -I/usr/local/Cellar/libxdmcp/1.1.3/include -I/usr/local/opt/freetype/include/freetype2 -I/usr/local/Cellar/xorgproto/2021.4/include'
pkg_cv_CAIRO_FT_LIBS='-L/usr/local/Cellar/cairo/1.16.0_5/lib -L/usr/local/opt/freetype/lib -lcairo -lfreetype'
pkg_cv_CAIRO_LIBS='-L/usr/local/Cellar/cairo/1.16.0_5/lib -lcairo'
pkg_cv_FREETYPE_CFLAGS=-I/usr/local/opt/freetype/include/freetype2
pkg_cv_FREETYPE_LIBS='-L/usr/local/opt/freetype/lib -lfreetype'
pkg_cv_GLIB_CFLAGS='-I/usr/local/Cellar/glib/2.68.3/include/glib-2.0 -I/usr/local/Cellar/glib/2.68.3/lib/glib-2.0/include -I/usr/local/opt/gettext/include -I/usr/local/Cellar/pcre/8.45/include'
pkg_cv_GLIB_LIBS='-L/usr/local/Cellar/glib/2.68.3/lib -L/usr/local/opt/gettext/lib -lglib-2.0 -lintl'

## ----------------- ##
## Output variables. ##
## ----------------- ##














	@echo "Need to reconfigure with --enable-code-coverage"
	@echo "Need to reconfigure with --enable-code-coverage"
 $(CODE_COVERAGE_IGNORE_PATTERN);
 $(CODE_COVERAGE_OUTPUT_FILE);
#
#
#    $(PACKAGE_NAME)-$(PACKAGE_VERSION)-coverage)
#    $(PACKAGE_NAME)-$(PACKAGE_VERSION)-coverage.info)
#    (Default: $(top_builddir))
#    (Default: empty)
#    Multiple directories may be specified, separated by whitespace.
#    by lcov for code coverage. (Default:
#    collecting lcov instance. (Default: $CODE_COVERAGE_LCOV_OPTIONS_GCOVPATH)
#    genhtml instance. (Default: based on $CODE_COVERAGE_BRANCH_COVERAGE)
#    instance. (Default: $CODE_COVERAGE_GENHTML_OPTIONS_DEFAULT)
#    instance. (Default: $CODE_COVERAGE_LCOV_OPTIONS_DEFAULT)
#    instance. (Default: $CODE_COVERAGE_LCOV_RMOPTS_DEFAULT)
#    instances. (Default: $CODE_COVERAGE_LCOV_SHOPTS_DEFAULT)
#    instances. (Default: based on $CODE_COVERAGE_BRANCH_COVERAGE)
#    lcov instance. (Default: empty)
#    reports to be created. (Default:
#    set to 0 to disable it and leave empty to stay with the default.
#  - CODE_COVERAGE_BRANCH_COVERAGE: Set to 1 to enforce branch coverage,
#  - CODE_COVERAGE_DIRECTORY: Top-level directory for code coverage reporting.
#  - CODE_COVERAGE_GENHTML_OPTIONS: Extra options to pass to the genhtml
#  - CODE_COVERAGE_GENHTML_OPTIONS_DEFAULT: Extra options to pass to the
#  - CODE_COVERAGE_IGNORE_PATTERN: Extra glob pattern of files to ignore
#  - CODE_COVERAGE_LCOV_OPTIONS: Extra options to pass to the collecting lcov
#  - CODE_COVERAGE_LCOV_OPTIONS_DEFAULT: Extra options to pass to the
#  - CODE_COVERAGE_LCOV_OPTIONS_GCOVPATH: --gcov-tool pathtogcov
#  - CODE_COVERAGE_LCOV_RMOPTS: Extra options to pass to the filtering lcov
#  - CODE_COVERAGE_LCOV_RMOPTS_DEFAULT: Extra options to pass to the filtering
#  - CODE_COVERAGE_LCOV_SHOPTS: Extra options to shared between both lcov
#  - CODE_COVERAGE_LCOV_SHOPTS_DEFAULT: Extra options shared between both lcov
#  - CODE_COVERAGE_OUTPUT_DIRECTORY: Directory for generated code coverage
#  - CODE_COVERAGE_OUTPUT_FILE: Filename and path for the .info file generated
# $(PACKAGE_VERSION). In order to add the current git hash to the title,
# Capture code coverage data
# Code coverage
# Hook rule executed before code-coverage-capture, overridable by the user
# Optional variables
# Optional:
# The generated report will be titled using the $(PACKAGE_NAME) and
# Use recursive makes in order to ignore errors during check
# sanitizes the test-name: replaces with underscores: dashes and dots
# use the git-version-gen script, available online.
$(if $(CODE_COVERAGE_BRANCH_COVERAGE),\
'
--rc genhtml_branch_coverage=$(CODE_COVERAGE_BRANCH_COVERAGE))
--rc lcov_branch_coverage=$(CODE_COVERAGE_BRANCH_COVERAGE))
.PHONY: check-code-coverage code-coverage-capture code-coverage-capture-hook code-coverage-clean
ACLOCAL='${SHELL} '\''/Users/tmattio/Workspace/revery-opam/ocaml-harfbuzz/harfbuzz-scratch/missing'\'' aclocal-1.16'
AMDEPBACKSLASH='\'
AMDEP_FALSE='#'
AMDEP_TRUE=''
AMTAR='$${TAR-tar}'
AM_BACKSLASH='\'
AM_DEFAULT_V='$(AM_DEFAULT_VERBOSITY)'
AM_DEFAULT_VERBOSITY='0'
AM_DISTCHECK_CONFIGURE_FLAGS += --disable-code-coverage
AM_DISTCHECK_CONFIGURE_FLAGS ?=
AM_V='$(V)'
AR='ar'
AUTOCONF='${SHELL} '\''/Users/tmattio/Workspace/revery-opam/ocaml-harfbuzz/harfbuzz-scratch/missing'\'' autoconf'
AUTOHEADER='${SHELL} '\''/Users/tmattio/Workspace/revery-opam/ocaml-harfbuzz/harfbuzz-scratch/missing'\'' autoheader'
AUTOMAKE='${SHELL} '\''/Users/tmattio/Workspace/revery-opam/ocaml-harfbuzz/harfbuzz-scratch/missing'\'' automake-1.16'
AWK='awk'
CAIRO_CFLAGS='-I/usr/local/Cellar/libffi/3.3_3/include -I/usr/local/Cellar/cairo/1.16.0_5/include/cairo -I/usr/local/Cellar/glib/2.68.3/include -I/usr/local/Cellar/glib/2.68.3/include/glib-2.0 -I/usr/local/Cellar/glib/2.68.3/lib/glib-2.0/include -I/usr/local/opt/gettext/include -I/usr/local/Cellar/pcre/8.45/include -I/usr/local/Cellar/pixman/0.40.0/include/pixman-1 -I/usr/local/Cellar/fontconfig/2.13.1/include -I/usr/local/opt/freetype/include/freetype2 -I/usr/local/Cellar/libpng/1.6.37/include/libpng16 -I/usr/local/Cellar/libxcb/1.14_1/include -I/usr/local/Cellar/libxrender/0.9.10/include -I/usr/local/Cellar/libxext/1.3.4/include -I/usr/local/Cellar/libx11/1.7.2/include -I/usr/local/Cellar/libxcb/1.14_1/include -I/usr/local/Cellar/libxau/1.0.9/include -I/usr/local/Cellar/libxdmcp/1.1.3/include -I/usr/local/Cellar/xorgproto/2021.4/include'
CAIRO_FT_CFLAGS='-I/usr/local/Cellar/libffi/3.3_3/include -I/usr/local/Cellar/cairo/1.16.0_5/include/cairo -I/usr/local/Cellar/glib/2.68.3/include -I/usr/local/Cellar/glib/2.68.3/include/glib-2.0 -I/usr/local/Cellar/glib/2.68.3/lib/glib-2.0/include -I/usr/local/opt/gettext/include -I/usr/local/Cellar/pcre/8.45/include -I/usr/local/Cellar/pixman/0.40.0/include/pixman-1 -I/usr/local/Cellar/fontconfig/2.13.1/include -I/usr/local/Cellar/libpng/1.6.37/include/libpng16 -I/usr/local/Cellar/libxcb/1.14_1/include -I/usr/local/Cellar/libxrender/0.9.10/include -I/usr/local/Cellar/libxext/1.3.4/include -I/usr/local/Cellar/libx11/1.7.2/include -I/usr/local/Cellar/libxcb/1.14_1/include -I/usr/local/Cellar/libxau/1.0.9/include -I/usr/local/Cellar/libxdmcp/1.1.3/include -I/usr/local/opt/freetype/include/freetype2 -I/usr/local/Cellar/xorgproto/2021.4/include'
CAIRO_FT_LIBS='-L/usr/local/Cellar/cairo/1.16.0_5/lib -L/usr/local/opt/freetype/lib -lcairo -lfreetype'
CAIRO_LIBS='-L/usr/local/Cellar/cairo/1.16.0_5/lib -lcairo'
CC='gcc'
CCDEPMODE='depmode=gcc3'
CFLAGS='-g -O2'
CHAFA_CFLAGS=''
CHAFA_LIBS=''
CODE_COVERAGE_BRANCH_COVERAGE ?=
CODE_COVERAGE_CFLAGS=''
CODE_COVERAGE_CPPFLAGS=''
CODE_COVERAGE_CXXFLAGS=''
CODE_COVERAGE_DIRECTORY ?= $(top_builddir)
CODE_COVERAGE_ENABLED='no'
CODE_COVERAGE_ENABLED_FALSE=''
CODE_COVERAGE_ENABLED_TRUE='#'
CODE_COVERAGE_GENHTML_OPTIONS ?= $(CODE_COVERAGE_GENHTML_OPTIONS_DEFAULT)
CODE_COVERAGE_GENHTML_OPTIONS_DEFAULT ?=\
CODE_COVERAGE_IGNORE_PATTERN ?=
CODE_COVERAGE_LCOV_OPTIONS ?= $(CODE_COVERAGE_LCOV_OPTIONS_DEFAULT)
CODE_COVERAGE_LCOV_OPTIONS_DEFAULT ?= $(CODE_COVERAGE_LCOV_OPTIONS_GCOVPATH)
CODE_COVERAGE_LCOV_OPTIONS_GCOVPATH ?= --gcov-tool "$(GCOV)"
CODE_COVERAGE_LCOV_RMOPTS ?= $(CODE_COVERAGE_LCOV_RMOPTS_DEFAULT)
CODE_COVERAGE_LCOV_RMOPTS_DEFAULT ?=
CODE_COVERAGE_LCOV_SHOPTS ?= $(CODE_COVERAGE_LCOV_SHOPTS_DEFAULT)
CODE_COVERAGE_LCOV_SHOPTS_DEFAULT ?= $(if $(CODE_COVERAGE_BRANCH_COVERAGE),\
CODE_COVERAGE_LDFLAGS=''
CODE_COVERAGE_LIBS=''
CODE_COVERAGE_OUTPUT_DIRECTORY ?= $(PACKAGE_NAME)-$(PACKAGE_VERSION)-coverage
CODE_COVERAGE_OUTPUT_FILE ?= $(PACKAGE_NAME)-$(PACKAGE_VERSION)-coverage.info
CODE_COVERAGE_RULES='
CORETEXT_CFLAGS=''
CORETEXT_LIBS=''
CPP='gcc -E'
CPPFLAGS=''
CSCOPE='cscope'
CTAGS='ctags'
CXX='g++ -std=gnu++11'
CXXCPP='g++ -E -std=gnu++11'
CXXDEPMODE='depmode=gcc3'
CXXFLAGS='-fno-rtti -g -O2 -fno-exceptions -fno-threadsafe-statics -fvisibility-inlines-hidden'
CYGPATH_W='echo'
DEFS='-DHAVE_CONFIG_H'
DEPDIR='.deps'
DIRECTWRITE_CXXFLAGS=''
DIRECTWRITE_LIBS=''
DLLTOOL='false'
DSYMUTIL='dsymutil'
DUMPBIN=''
ECHO_C='\c'
ECHO_N=''
ECHO_T=''
EGREP='/usr/bin/grep -E'
ENABLE_GTK_DOC_FALSE=''
ENABLE_GTK_DOC_TRUE='#'
ETAGS='etags'
EXEEXT=''
FGREP='/usr/bin/grep -F'
FREETYPE_CFLAGS='-I/usr/local/opt/freetype/include/freetype2'
FREETYPE_DEPS='freetype2 >= 12.0.6'
FREETYPE_LIBS='-L/usr/local/opt/freetype/lib -lfreetype'
GCOV=''
GDI_CFLAGS=''
GDI_LIBS=''
GENHTML=''
GIT='${SHELL} '\''/Users/tmattio/Workspace/revery-opam/ocaml-harfbuzz/harfbuzz-scratch/missing'\'' git'
GITIGNOREFILES += $(CODE_COVERAGE_OUTPUT_FILE) $(CODE_COVERAGE_OUTPUT_DIRECTORY)
GITIGNOREFILES ?=
GLIB_CFLAGS='-I/usr/local/Cellar/glib/2.68.3/include/glib-2.0 -I/usr/local/Cellar/glib/2.68.3/lib/glib-2.0/include -I/usr/local/opt/gettext/include -I/usr/local/Cellar/pcre/8.45/include'
GLIB_DEPS='glib-2.0 >= 2.19.1'
GLIB_LIBS='-L/usr/local/Cellar/glib/2.68.3/lib -L/usr/local/opt/gettext/lib -lglib-2.0 -lintl'
GLIB_MKENUMS=''
GOBJECT_CFLAGS=''
GOBJECT_LIBS=''
GRAPHITE2_CFLAGS=''
GRAPHITE2_DEPS='graphite2 >= 1.2.0'
GRAPHITE2_LIBS=''
GREP='/usr/bin/grep'
HAVE_CAIRO_FALSE='#'
HAVE_CAIRO_FT_FALSE='#'
HAVE_CAIRO_FT_TRUE=''
HAVE_CAIRO_TRUE=''
HAVE_CHAFA_FALSE=''
HAVE_CHAFA_TRUE='#'
HAVE_CORETEXT_FALSE=''
HAVE_CORETEXT_TRUE='#'
HAVE_CXX11='1'
HAVE_DIRECTWRITE_FALSE=''
HAVE_DIRECTWRITE_TRUE='#'
HAVE_FREETYPE_FALSE='#'
HAVE_FREETYPE_TRUE=''
HAVE_GCC_FALSE='#'
HAVE_GCC_TRUE=''
HAVE_GDI_FALSE=''
HAVE_GDI_TRUE='#'
HAVE_GLIB_FALSE='#'
HAVE_GLIB_TRUE=''
HAVE_GOBJECT_FALSE=''
HAVE_GOBJECT_TRUE='#'
HAVE_GRAPHITE2_FALSE=''
HAVE_GRAPHITE2_TRUE='#'
HAVE_ICU_BUILTIN_FALSE=''
HAVE_ICU_BUILTIN_TRUE='#'
HAVE_ICU_FALSE=''
HAVE_ICU_TRUE='#'
HAVE_INTROSPECTION_FALSE=''
HAVE_INTROSPECTION_TRUE='#'
HAVE_PTHREAD_FALSE='#'
HAVE_PTHREAD_TRUE=''
HAVE_UNISCRIBE_FALSE=''
HAVE_UNISCRIBE_TRUE='#'
HB_LIBTOOL_VERSION_INFO='20802:0:20802'
HB_VERSION='2.8.2'
HB_VERSION_MAJOR='2'
HB_VERSION_MICRO='2'
HB_VERSION_MINOR='8'
ICU_CFLAGS=''
ICU_LIBS=''
INSTALL_DATA='${INSTALL} -m 644'
INSTALL_PROGRAM='${INSTALL}'
INSTALL_SCRIPT='${INSTALL}'
INSTALL_STRIP_PROGRAM='$(install_sh) -c -s'
INTROSPECTION_CFLAGS=''
INTROSPECTION_COMPILER=''
INTROSPECTION_GENERATE=''
INTROSPECTION_GIRDIR=''
INTROSPECTION_LIBS=''
INTROSPECTION_MAKEFILE=''
INTROSPECTION_SCANNER=''
INTROSPECTION_TYPELIBDIR=''
LCOV=''
LD='/Library/Developer/CommandLineTools/usr/bin/ld'
LDFLAGS=' -Bsymbolic-functions'
LIBOBJS=''
LIBS=''
LIBTOOL='$(SHELL) $(top_builddir)/libtool'
LIPO='lipo'
LN_S='ln -s'
LTLIBOBJS=''
LT_SYS_LIBRARY_PATH=''
MAKEINFO='${SHELL} '\''/Users/tmattio/Workspace/revery-opam/ocaml-harfbuzz/harfbuzz-scratch/missing'\'' makeinfo'
MANIFEST_TOOL=':'
MKDIR_P='./install-sh -c -d'
NM='/usr/bin/nm -B'
NMEDIT='nmedit'
OBJDUMP='objdump'
OBJEXT='o'
OS_WIN32_FALSE=''
OS_WIN32_TRUE='#'
OTOOL64=':'
OTOOL='otool'
PACKAGE='harfbuzz'
PACKAGE_BUGREPORT='https://github.com/harfbuzz/harfbuzz/issues/new'
PACKAGE_NAME='HarfBuzz'
PACKAGE_STRING='HarfBuzz 2.8.2'
PACKAGE_TARNAME='harfbuzz'
PACKAGE_URL='http://harfbuzz.org/'
PACKAGE_VERSION='2.8.2'
PATH_SEPARATOR=':'
PKG_CONFIG='/usr/local/bin/pkg-config'
PKG_CONFIG_LIBDIR=''
PKG_CONFIG_PATH='/Users/tmattio/.opam/default/lib/pkgconfig:/Users/tmattio/.opam/default/lib/pkgconfig:'
PTHREAD_CC='gcc'
PTHREAD_CFLAGS='-pthread'
PTHREAD_LIBS=''
RAGEL='${SHELL} '\''/Users/tmattio/Workspace/revery-opam/ocaml-harfbuzz/harfbuzz-scratch/missing'\'' ragel'
RANLIB='ranlib'
SED='/usr/bin/sed'
SET_MAKE=''
SHELL='/bin/sh'
STRIP='strip'
UNISCRIBE_CFLAGS=''
UNISCRIBE_LIBS=''
VERSION='2.8.2'
WITH_LIBSTDCXX_FALSE=''
WITH_LIBSTDCXX_TRUE='#'
_GI_EXP_DATADIR=''
_GI_EXP_LIBDIR=''
ac_ct_AR='ar'
ac_ct_CC='gcc'
ac_ct_CXX='g++'
ac_ct_DUMPBIN=''
am__EXEEXT_FALSE=''
am__EXEEXT_TRUE='#'
am__fastdepCC_FALSE='#'
am__fastdepCC_TRUE=''
am__fastdepCXX_FALSE='#'
am__fastdepCXX_TRUE=''
am__include='include'
am__isrc=''
am__leading_dot='.'
am__nodep='_no'
am__quote=''
am__tar='tar --format=ustar -chf - "$$tardir"'
am__untar='tar -xf -'
ax_pthread_config=''
bindir='${exec_prefix}/bin'
build='x86_64-apple-darwin20.4.0'
build_alias=''
build_cpu='x86_64'
build_os='darwin20.4.0'
build_vendor='apple'
check-code-coverage:
code-coverage-capture-hook:
code-coverage-capture: code-coverage-capture-hook
code_coverage_quiet = $(code_coverage_quiet_$(V))
code_coverage_quiet_ = $(code_coverage_quiet_$(AM_DEFAULT_VERBOSITY))
code_coverage_quiet_0 = --quiet
code_coverage_sanitize = $(subst -,_,$(subst .,_,$(1)))
code_coverage_v_genhtml = $(code_coverage_v_genhtml_$(V))
code_coverage_v_genhtml_ = $(code_coverage_v_genhtml_$(AM_DEFAULT_VERBOSITY))
code_coverage_v_genhtml_0 = @echo "  GEN   " $(CODE_COVERAGE_OUTPUT_DIRECTORY);
code_coverage_v_lcov_cap = $(code_coverage_v_lcov_cap_$(V))
code_coverage_v_lcov_cap_ = $(code_coverage_v_lcov_cap_$(AM_DEFAULT_VERBOSITY))
code_coverage_v_lcov_cap_0 = @echo "  LCOV   --capture"\
code_coverage_v_lcov_ign = $(code_coverage_v_lcov_ign_$(V))
code_coverage_v_lcov_ign_ = $(code_coverage_v_lcov_ign_$(AM_DEFAULT_VERBOSITY))
code_coverage_v_lcov_ign_0 = @echo "  LCOV   --remove /tmp/*"\
datadir='${datarootdir}'
datarootdir='${prefix}/share'
docdir='${datarootdir}/doc/${PACKAGE_TARNAME}'
dvidir='${docdir}'
exec_prefix='${prefix}'
have_gobject='false'
host='x86_64-apple-darwin20.4.0'
host_alias=''
host_cpu='x86_64'
host_os='darwin20.4.0'
host_vendor='apple'
htmldir='${docdir}'
includedir='${prefix}/include'
infodir='${datarootdir}/info'
install_sh='${SHELL} /Users/tmattio/Workspace/revery-opam/ocaml-harfbuzz/harfbuzz-scratch/install-sh'
libdir='${exec_prefix}/lib'
libexecdir='${exec_prefix}/libexec'
localedir='${datarootdir}/locale'
localstatedir='${prefix}/var'
mandir='${datarootdir}/man'
mkdir_p='$(MKDIR_P)'
oldincludedir='/usr/include'
pdfdir='${docdir}'
prefix='/usr/local'
program_transform_name='s,x,x,'
psdir='${docdir}'
runstatedir='${localstatedir}/run'
sbindir='${exec_prefix}/sbin'
sharedstatedir='${prefix}/com'
sysconfdir='${prefix}/etc'
target_alias=''

## ----------- ##
## confdefs.h. ##
## ----------- ##

/* confdefs.h */
#define PACKAGE_NAME "HarfBuzz"
#define PACKAGE_TARNAME "harfbuzz"
#define PACKAGE_VERSION "2.8.2"
#define PACKAGE_STRING "HarfBuzz 2.8.2"
#define PACKAGE_BUGREPORT "https://github.com/harfbuzz/harfbuzz/issues/new"
#define PACKAGE_URL "http://harfbuzz.org/"
#define HAVE_STDIO_H 1
#define HAVE_STDLIB_H 1
#define HAVE_STRING_H 1
#define HAVE_INTTYPES_H 1
#define HAVE_STDINT_H 1
#define HAVE_STRINGS_H 1
#define HAVE_SYS_STAT_H 1
#define HAVE_SYS_TYPES_H 1
#define HAVE_UNISTD_H 1
#define STDC_HEADERS 1
#define HAVE_DLFCN_H 1
#define LT_OBJDIR ".libs/"
#define HAVE_CXX11 1
#define HAVE_ATEXIT 1
#define HAVE_MPROTECT 1
#define HAVE_SYSCONF 1
#define HAVE_GETPAGESIZE 1
#define HAVE_MMAP 1
#define HAVE_ISATTY 1
#define HAVE_UNISTD_H 1
#define HAVE_SYS_MMAN_H 1
#define HAVE_STDBOOL_H 1
#define ALIGNOF_STRUCT_CHAR__ 1
#define HAVE_PTHREAD_PRIO_INHERIT 1
#define HAVE_PTHREAD 1
#define HAVE_GLIB 1
#define HAVE_CAIRO 1
#define HAVE_CAIRO_FT 1
#define HAVE_FREETYPE 1
#define HAVE_FT_GET_VAR_BLEND_COORDINATES 1
#define HAVE_FT_SET_VAR_BLEND_COORDINATES 1
#define HAVE_FT_DONE_MM_VAR 1

configure: exit 0
